TN:
SF:app.js
FN:31,make_layout
FN:89,(anonymous_1)
FN:90,(anonymous_2)
FN:94,(anonymous_3)
FN:95,(anonymous_4)
FN:135,probeInputs
FN:138,(anonymous_6)
FN:145,(anonymous_7)
FN:148,(anonymous_8)
FN:154,queryInputs
FN:157,(anonymous_10)
FN:159,(anonymous_11)
FN:165,setup_denon_connection
FN:188,(anonymous_13)
FN:194,(anonymous_14)
FN:198,(anonymous_15)
FN:203,(anonymous_16)
FN:211,(anonymous_17)
FN:222,(anonymous_18)
FN:239,(anonymous_19)
FN:256,(anonymous_20)
FN:267,(anonymous_21)
FN:278,(anonymous_22)
FN:289,(anonymous_23)
FN:309,(anonymous_24)
FN:311,(anonymous_25)
FN:320,connect
FN:323,(anonymous_27)
FN:331,(anonymous_28)
FN:336,(anonymous_29)
FN:340,(anonymous_30)
FN:349,check_status
FN:365,getPowerForZone
FN:367,(anonymous_33)
FN:375,setPowerForZone
FN:386,setPowerBothZones
FN:394,(anonymous_36)
FN:396,(anonymous_37)
FN:406,create_volume_control
FN:420,(anonymous_39)
FN:432,(anonymous_40)
FN:436,(anonymous_41)
FN:443,(anonymous_42)
FN:453,(anonymous_43)
FN:458,(anonymous_44)
FN:469,(anonymous_45)
FN:473,(anonymous_46)
FN:477,(anonymous_47)
FN:489,create_source_control
FN:504,(anonymous_49)
FN:514,(anonymous_50)
FN:517,(anonymous_51)
FN:523,(anonymous_52)
FN:524,(anonymous_53)
FN:527,(anonymous_54)
FN:530,(anonymous_55)
FN:541,(anonymous_56)
FN:545,(anonymous_57)
FNF:58
FNH:0
FNDA:0,make_layout
FNDA:0,(anonymous_1)
FNDA:0,(anonymous_2)
FNDA:0,(anonymous_3)
FNDA:0,(anonymous_4)
FNDA:0,probeInputs
FNDA:0,(anonymous_6)
FNDA:0,(anonymous_7)
FNDA:0,(anonymous_8)
FNDA:0,queryInputs
FNDA:0,(anonymous_10)
FNDA:0,(anonymous_11)
FNDA:0,setup_denon_connection
FNDA:0,(anonymous_13)
FNDA:0,(anonymous_14)
FNDA:0,(anonymous_15)
FNDA:0,(anonymous_16)
FNDA:0,(anonymous_17)
FNDA:0,(anonymous_18)
FNDA:0,(anonymous_19)
FNDA:0,(anonymous_20)
FNDA:0,(anonymous_21)
FNDA:0,(anonymous_22)
FNDA:0,(anonymous_23)
FNDA:0,(anonymous_24)
FNDA:0,(anonymous_25)
FNDA:0,connect
FNDA:0,(anonymous_27)
FNDA:0,(anonymous_28)
FNDA:0,(anonymous_29)
FNDA:0,(anonymous_30)
FNDA:0,check_status
FNDA:0,getPowerForZone
FNDA:0,(anonymous_33)
FNDA:0,setPowerForZone
FNDA:0,setPowerBothZones
FNDA:0,(anonymous_36)
FNDA:0,(anonymous_37)
FNDA:0,create_volume_control
FNDA:0,(anonymous_39)
FNDA:0,(anonymous_40)
FNDA:0,(anonymous_41)
FNDA:0,(anonymous_42)
FNDA:0,(anonymous_43)
FNDA:0,(anonymous_44)
FNDA:0,(anonymous_45)
FNDA:0,(anonymous_46)
FNDA:0,(anonymous_47)
FNDA:0,create_source_control
FNDA:0,(anonymous_49)
FNDA:0,(anonymous_50)
FNDA:0,(anonymous_51)
FNDA:0,(anonymous_52)
FNDA:0,(anonymous_53)
FNDA:0,(anonymous_54)
FNDA:0,(anonymous_55)
FNDA:0,(anonymous_56)
FNDA:0,(anonymous_57)
DA:3,0
DA:4,0
DA:5,0
DA:6,0
DA:7,0
DA:8,0
DA:9,0
DA:10,0
DA:11,0
DA:12,0
DA:14,0
DA:15,0
DA:24,0
DA:32,0
DA:38,0
DA:46,0
DA:57,0
DA:68,0
DA:69,0
DA:70,0
DA:75,0
DA:76,0
DA:77,0
DA:85,0
DA:88,0
DA:90,0
DA:91,0
DA:95,0
DA:96,0
DA:97,0
DA:100,0
DA:102,0
DA:103,0
DA:104,0
DA:105,0
DA:106,0
DA:107,0
DA:108,0
DA:109,0
DA:115,0
DA:116,0
DA:122,0
DA:123,0
DA:124,0
DA:126,0
DA:136,0
DA:139,0
DA:140,0
DA:146,0
DA:149,0
DA:151,0
DA:155,0
DA:157,0
DA:160,0
DA:166,0
DA:168,0
DA:169,0
DA:170,0
DA:172,0
DA:173,0
DA:174,0
DA:175,0
DA:178,0
DA:179,0
DA:181,0
DA:182,0
DA:184,0
DA:185,0
DA:186,0
DA:188,0
DA:191,0
DA:194,0
DA:195,0
DA:198,0
DA:199,0
DA:200,0
DA:203,0
DA:204,0
DA:206,0
DA:207,0
DA:211,0
DA:212,0
DA:215,0
DA:222,0
DA:223,0
DA:225,0
DA:226,0
DA:227,0
DA:228,0
DA:232,0
DA:233,0
DA:234,0
DA:239,0
DA:240,0
DA:241,0
DA:242,0
DA:244,0
DA:245,0
DA:249,0
DA:250,0
DA:251,0
DA:256,0
DA:257,0
DA:259,0
DA:260,0
DA:261,0
DA:267,0
DA:268,0
DA:270,0
DA:271,0
DA:272,0
DA:278,0
DA:279,0
DA:281,0
DA:282,0
DA:283,0
DA:289,0
DA:290,0
DA:292,0
DA:293,0
DA:294,0
DA:296,0
DA:297,0
DA:301,0
DA:302,0
DA:303,0
DA:309,0
DA:311,0
DA:312,0
DA:316,0
DA:321,0
DA:325,0
DA:326,0
DA:328,0
DA:332,0
DA:337,0
DA:338,0
DA:341,0
DA:344,0
DA:345,0
DA:350,0
DA:351,0
DA:352,0
DA:353,0
DA:355,0
DA:358,0
DA:360,0
DA:361,0
DA:366,0
DA:367,0
DA:368,0
DA:371,0
DA:376,0
DA:377,0
DA:380,0
DA:382,0
DA:387,0
DA:389,0
DA:391,0
DA:392,0
DA:394,0
DA:395,0
DA:397,0
DA:398,0
DA:402,0
DA:407,0
DA:408,0
DA:409,0
DA:416,0
DA:421,0
DA:424,0
DA:425,0
DA:426,0
DA:427,0
DA:428,0
DA:430,0
DA:433,0
DA:434,0
DA:437,0
DA:439,0
DA:440,0
DA:444,0
DA:446,0
DA:447,0
DA:454,0
DA:456,0
DA:459,0
DA:461,0
DA:462,0
DA:467,0
DA:470,0
DA:471,0
DA:474,0
DA:475,0
DA:478,0
DA:479,0
DA:480,0
DA:482,0
DA:483,0
DA:486,0
DA:490,0
DA:491,0
DA:492,0
DA:500,0
DA:505,0
DA:506,0
DA:509,0
DA:510,0
DA:512,0
DA:515,0
DA:518,0
DA:519,0
DA:524,0
DA:525,0
DA:526,0
DA:528,0
DA:531,0
DA:532,0
DA:533,0
DA:540,0
DA:542,0
DA:543,0
DA:546,0
DA:547,0
DA:551,0
DA:552,0
DA:554,0
DA:555,0
DA:558,0
DA:561,0
DA:563,0
LF:231
LH:0
BRDA:24,0,0,0
BRDA:24,0,1,0
BRDA:68,1,0,0
BRDA:68,1,1,0
BRDA:76,2,0,0
BRDA:76,2,1,0
BRDA:97,3,0,0
BRDA:97,3,1,0
BRDA:102,4,0,0
BRDA:102,4,1,0
BRDA:102,5,0,0
BRDA:102,5,1,0
BRDA:109,6,0,0
BRDA:109,6,1,0
BRDA:110,7,0,0
BRDA:110,7,1,0
BRDA:110,7,2,0
BRDA:110,7,3,0
BRDA:137,8,0,0
BRDA:137,8,1,0
BRDA:168,9,0,0
BRDA:168,9,1,0
BRDA:172,10,0,0
BRDA:172,10,1,0
BRDA:178,11,0,0
BRDA:178,11,1,0
BRDA:206,12,0,0
BRDA:206,12,1,0
BRDA:227,13,0,0
BRDA:227,13,1,0
BRDA:233,14,0,0
BRDA:233,14,1,0
BRDA:244,15,0,0
BRDA:244,15,1,0
BRDA:250,16,0,0
BRDA:250,16,1,0
BRDA:260,17,0,0
BRDA:260,17,1,0
BRDA:271,18,0,0
BRDA:271,18,1,0
BRDA:282,19,0,0
BRDA:282,19,1,0
BRDA:292,20,0,0
BRDA:292,20,1,0
BRDA:294,21,0,0
BRDA:294,21,1,0
BRDA:296,22,0,0
BRDA:296,22,1,0
BRDA:302,23,0,0
BRDA:302,23,1,0
BRDA:325,24,0,0
BRDA:325,24,1,0
BRDA:332,25,0,0
BRDA:332,25,1,0
BRDA:337,26,0,0
BRDA:337,26,1,0
BRDA:351,27,0,0
BRDA:351,27,1,0
BRDA:352,28,0,0
BRDA:352,28,1,0
BRDA:366,29,0,0
BRDA:366,29,1,0
BRDA:368,30,0,0
BRDA:368,30,1,0
BRDA:376,31,0,0
BRDA:376,31,1,0
BRDA:377,32,0,0
BRDA:377,32,1,0
BRDA:389,33,0,0
BRDA:389,33,1,0
BRDA:389,34,0,0
BRDA:389,34,1,0
BRDA:408,35,0,0
BRDA:408,35,1,0
BRDA:410,36,0,0
BRDA:410,36,1,0
BRDA:424,37,0,0
BRDA:424,37,1,0
BRDA:425,38,0,0
BRDA:425,38,1,0
BRDA:427,39,0,0
BRDA:427,39,1,0
BRDA:446,40,0,0
BRDA:446,40,1,0
BRDA:449,41,0,0
BRDA:449,41,1,0
BRDA:479,42,0,0
BRDA:479,42,1,0
BRDA:491,43,0,0
BRDA:491,43,1,0
BRDA:493,44,0,0
BRDA:493,44,1,0
BRDA:505,45,0,0
BRDA:505,45,1,0
BRDA:509,46,0,0
BRDA:509,46,1,0
BRDA:525,47,0,0
BRDA:525,47,1,0
BRDA:551,48,0,0
BRDA:551,48,1,0
BRF:100
BRH:0
end_of_record
TN:
SF:src/zone-functions.js
FN:9,(anonymous_0)
FN:18,(anonymous_1)
FN:20,(anonymous_2)
FN:34,(anonymous_3)
FN:51,(anonymous_4)
FN:60,(anonymous_5)
FN:62,(anonymous_6)
FN:78,(anonymous_7)
FN:97,(anonymous_8)
FN:105,(anonymous_9)
FN:113,(anonymous_10)
FNF:11
FNH:11
FNDA:46,(anonymous_0)
FNDA:15,(anonymous_1)
FNDA:7,(anonymous_2)
FNDA:17,(anonymous_3)
FNDA:19,(anonymous_4)
FNDA:6,(anonymous_5)
FNDA:3,(anonymous_6)
FNDA:10,(anonymous_7)
FNDA:8,(anonymous_8)
FNDA:8,(anonymous_9)
FNDA:3,(anonymous_10)
DA:3,2
DA:10,46
DA:11,46
DA:19,15
DA:20,8
DA:21,7
DA:22,7
DA:25,7
DA:35,17
DA:36,8
DA:37,8
DA:40,8
DA:42,9
DA:52,19
DA:54,19
DA:56,9
DA:57,9
DA:58,9
DA:60,9
DA:61,6
DA:63,3
DA:64,3
DA:68,10
DA:79,10
DA:80,10
DA:81,7
DA:82,5
DA:84,2
DA:87,3
DA:89,10
DA:90,10
DA:98,8
DA:106,8
DA:114,3
DA:118,2
LF:35
LH:35
BRDA:19,0,0,8
BRDA:19,0,1,7
BRDA:22,1,0,2
BRDA:22,1,1,5
BRDA:35,2,0,8
BRDA:35,2,1,9
BRDA:37,3,0,4
BRDA:37,3,1,4
BRDA:54,4,0,9
BRDA:54,4,1,10
BRDA:54,5,0,19
BRDA:54,5,1,10
BRDA:80,6,0,7
BRDA:80,6,1,3
BRDA:81,7,0,5
BRDA:81,7,1,2
BRDA:98,8,0,5
BRDA:98,8,1,3
BRF:18
BRH:18
end_of_record
